Log file open, 09/15/18 19:49:32
LogWindows: Failed to load 'aqProf.dll' (GetLastError=126)
LogWindows: File 'aqProf.dll' does not exist
LogWindows: Failed to load 'VSPerf140.dll' (GetLastError=126)
LogWindows: File 'VSPerf140.dll' does not exist
LogWindows: Failed to load 'VtuneApi.dll' (GetLastError=126)
LogWindows: File 'VtuneApi.dll' does not exist
LogWindows: Failed to load 'VtuneApi32e.dll' (GetLastError=126)
LogWindows: File 'VtuneApi32e.dll' does not exist
LogInit: Display: Running engine for game: MyProject
LogPlatformFile: Not using cached read wrapper
LogTaskGraph: Started task graph with 5 named threads and 35 total threads with 3 sets of task threads.
LogStats: Stats thread started at 0.391042
LogD3D11RHI: Loaded GFSDK_Aftermath_Lib.x64.dll
LogICUInternationalization: Display: ICU TimeZone Detection - Raw Offset: -8:00, Platform Override: ''
LogPluginManager: Mounting plugin Paper2D
LogPluginManager: Mounting plugin AISupport
LogPluginManager: Mounting plugin LightPropagationVolume
LogPluginManager: Mounting plugin CLionSourceCodeAccess
LogPluginManager: Mounting plugin CodeLiteSourceCodeAccess
LogPluginManager: Mounting plugin GitSourceControl
LogPluginManager: Mounting plugin KDevelopSourceCodeAccess
LogPluginManager: Mounting plugin NullSourceCodeAccess
LogPluginManager: Mounting plugin PerforceSourceControl
LogPluginManager: Mounting plugin SubversionSourceControl
LogPluginManager: Mounting plugin UObjectPlugin
LogPluginManager: Mounting plugin VisualStudioCodeSourceCodeAccess
LogPluginManager: Mounting plugin VisualStudioSourceCodeAccess
LogPluginManager: Mounting plugin XCodeSourceCodeAccess
LogPluginManager: Mounting plugin AssetManagerEditor
LogPluginManager: Mounting plugin CryptoKeys
LogPluginManager: Mounting plugin DataValidation
LogPluginManager: Mounting plugin FacialAnimation
LogPluginManager: Mounting plugin GameplayTagsEditor
LogPluginManager: Mounting plugin MacGraphicsSwitching
LogPluginManager: Mounting plugin MeshEditor
LogPluginManager: Mounting plugin MobileLauncherProfileWizard
LogPluginManager: Mounting plugin PluginBrowser
LogPluginManager: Mounting plugin SpeedTreeImporter
LogPluginManager: Mounting plugin DatasmithContent
LogPluginManager: Mounting plugin AlembicImporter
LogPluginManager: Mounting plugin AppleImageUtils
LogPluginManager: Mounting plugin AppleVision
LogPluginManager: Mounting plugin BackChannel
LogPluginManager: Mounting plugin CharacterAI
LogPluginManager: Mounting plugin GeometryCache
LogPluginManager: Mounting plugin HTML5Networking
LogPluginManager: Mounting plugin ProxyLODPlugin
LogPluginManager: Mounting plugin MagicLeap
LogPluginManager: Mounting plugin MagicLeapEmulator
LogPluginManager: Mounting plugin MagicLeapMedia
LogPluginManager: Mounting plugin AndroidMedia
LogPluginManager: Mounting plugin AvfMedia
LogPluginManager: Mounting plugin ImgMedia
LogPluginManager: Mounting plugin LinearTimecode
LogPluginManager: Mounting plugin MediaCompositing
LogPluginManager: Mounting plugin MediaPlayerEditor
LogPluginManager: Mounting plugin WmfMedia
LogPluginManager: Mounting plugin TcpMessaging
LogPluginManager: Mounting plugin UdpMessaging
LogPluginManager: Mounting plugin ActorSequence
LogPluginManager: Mounting plugin LevelSequenceEditor
LogPluginManager: Mounting plugin MatineeToLevelSequence
LogPluginManager: Mounting plugin NetcodeUnitTest
LogPluginManager: Mounting plugin NUTUnrealEngine4
LogPluginManager: Mounting plugin OnlineSubsystemGooglePlay
LogPluginManager: Mounting plugin OnlineSubsystemIOS
LogPluginManager: Mounting plugin OnlineSubsystem
LogPluginManager: Mounting plugin OnlineSubsystemNull
LogPluginManager: Mounting plugin OnlineSubsystemUtils
LogPluginManager: Mounting plugin LauncherChunkInstaller
LogPluginManager: Mounting plugin AndroidDeviceProfileSelector
LogPluginManager: Mounting plugin AndroidMoviePlayer
LogPluginManager: Mounting plugin AndroidPermission
LogPluginManager: Mounting plugin AppleMoviePlayer
LogPluginManager: Mounting plugin ArchVisCharacter
LogPluginManager: Mounting plugin AudioCapture
LogPluginManager: Mounting plugin CableComponent
LogPluginManager: Mounting plugin CustomMeshComponent
LogPluginManager: Mounting plugin EditableMesh
LogPluginManager: Mounting plugin ExampleDeviceProfileSelector
LogPluginManager: Mounting plugin GoogleCloudMessaging
LogPluginManager: Mounting plugin ImmediatePhysics
LogPluginManager: Mounting plugin IOSDeviceProfileSelector
LogPluginManager: Mounting plugin LinuxDeviceProfileSelector
LogPluginManager: Mounting plugin LocationServicesBPLibrary
LogPluginManager: Mounting plugin MobilePatchingUtils
LogPluginManager: Mounting plugin PhysXVehicles
LogPluginManager: Mounting plugin ProceduralMeshComponent
LogPluginManager: Mounting plugin RuntimePhysXCooking
LogPluginManager: Mounting plugin WindowsMoviePlayer
LogStreaming: Display: Took  0.096s to configure plugins.
LogInit: Using libcurl 7.55.1-DEV
LogInit:  - built for x86_64-pc-win32
LogInit:  - supports SSL with OpenSSL/1.0.2h
LogInit:  - supports HTTP deflate (compression) using libz 1.2.8
LogInit:  - other features:
LogInit:      CURL_VERSION_SSL
LogInit:      CURL_VERSION_LIBZ
LogInit:      CURL_VERSION_IPV6
LogInit:      CURL_VERSION_ASYNCHDNS
LogInit:      CURL_VERSION_LARGEFILE
LogInit:      CURL_VERSION_IDN
LogInit:  CurlRequestOptions (configurable via config and command line):
LogInit:  - bVerifyPeer = false  - Libcurl will NOT verify peer certificate
LogInit:  - bUseHttpProxy = false  - Libcurl will NOT use HTTP proxy
LogInit:  - bDontReuseConnections = false  - Libcurl will reuse connections
LogInit:  - CertBundlePath = nullptr  - Libcurl will use whatever was configured at build time.
LogInit:  - MaxHostConnections = 16  - Libcurl will limit the number of connections to a host
LogInit:  - LocalHostAddr = Default
LogInit:  - BufferSize = 65536
LogInit: WinSock: version 1.1 (2.2), MaxSocks=32767, MaxUdp=65467
LogInit: Build: ++UE4+Release-4.20-CL-4302132
LogInit: Engine Version: 4.20.2-4302132+++UE4+Release-4.20
LogInit: Compatible Engine Version: 4.20.0-4212847+++UE4+Release-4.20
LogInit: Net CL: 4212847
LogInit: OS: Windows 7 (Service Pack 1), CPU: Intel(R) Core(TM) i7-5820K CPU @ 3.30GHz, GPU: NVIDIA GeForce GTX 980 Ti
LogInit: Compiled (64-bit): Aug 21 2018 02:06:06
LogInit: Compiled with Visual C++: 19.13.26129.00
LogInit: Build Configuration: Development
LogInit: Branch Name: ++UE4+Release-4.20
LogInit: Command Line: 
LogInit: Base Directory: C:/Program Files/Epic Games/UE_4.20/Engine/Binaries/Win64/
LogInit: Installed Engine Build: 1
LogDevObjectVersion: Number of dev versions registered: 20
LogDevObjectVersion:   Dev-Blueprints (B0D832E4-1F89-4F0D-ACCF-7EB736FD4AA2): 10
LogDevObjectVersion:   Dev-Build (E1C64328-A22C-4D53-A36C-8E866417BD8C): 0
LogDevObjectVersion:   Dev-Core (375EC13C-06E4-48FB-B500-84F0262A717E): 2
LogDevObjectVersion:   Dev-Editor (E4B068ED-F494-42E9-A231-DA0B2E46BB41): 24
LogDevObjectVersion:   Dev-Framework (CFFC743F-43B0-4480-9391-14DF171D2073): 34
LogDevObjectVersion:   Dev-Mobile (B02B49B5-BB20-44E9-A304-32B752E40360): 2
LogDevObjectVersion:   Dev-Networking (A4E4105C-59A1-49B5-A7C5-40C4547EDFEE): 0
LogDevObjectVersion:   Dev-Online (39C831C9-5AE6-47DC-9A44-9C173E1C8E7C): 0
LogDevObjectVersion:   Dev-Physics (78F01B33-EBEA-4F98-B9B4-84EACCB95AA2): 0
LogDevObjectVersion:   Dev-Platform (6631380F-2D4D-43E0-8009-CF276956A95A): 0
LogDevObjectVersion:   Dev-Rendering (12F88B9F-8875-4AFC-A67C-D90C383ABD29): 26
LogDevObjectVersion:   Dev-Sequencer (7B5AE74C-D270-4C10-A958-57980B212A5A): 9
LogDevObjectVersion:   Dev-VR (D7296918-1DD6-4BDD-9DE2-64A83CC13884): 2
LogDevObjectVersion:   Dev-LoadTimes (C2A15278-BFE7-4AFE-6C17-90FF531DF755): 1
LogDevObjectVersion:   Private-Geometry (6EACA3D4-40EC-4CC1-B786-8BED09428FC5): 3
LogDevObjectVersion:   Dev-AnimPhys (29E575DD-E0A3-4627-9D10-D276232CDCEA): 17
LogDevObjectVersion:   Dev-ReflectionCapture (6B266CEC-1EC7-4B8F-A30B-E4D90942FC07): 1
LogDevObjectVersion:   Dev-Automation (0DF73D61-A23F-47EA-B727-89E90C41499A): 1
LogDevObjectVersion:   FortniteMain (601D1886-AC64-4F84-AA16-D3DE0DEAC7D6): 12
LogDevObjectVersion:   Dev-Enterprise (9DFFBCD6-494F-0158-E221-12823C92A888): 1
LogStreaming: Display: Took  0.000s to delete old logs.
LogInit: Presizing for max 8388607 objects, including 0 objects not considered by GC, pre-allocating 0 bytes for permanent pool.
LogInit: Object subsystem initialized
[2018.09.16-02.49.32:599][  0]LogInit: Selected Device Profile: [Windows]
[2018.09.16-02.49.32:599][  0]LogInit: Applying CVar settings loaded from the selected device profile: [Windows]
[2018.09.16-02.49.32:614][  0]LogHAL: Display: Platform has ~ 32 GB [34249211904 / 34359738368 / 32], which maps to Largest [LargestMinGB=32, LargerMinGB=12, DefaultMinGB=8, SmallerMinGB=6, SmallestMinGB=0)
[2018.09.16-02.49.32:614][  0]LogInit: Setting Device Profile CVar: [[r.Vulkan.UseRealUBs:1]]
[2018.09.16-02.49.32:614][  0]LogInit: Going up to parent DeviceProfile []
[2018.09.16-02.49.32:614][  0]LogInit: Computer: DANNY-PC
[2018.09.16-02.49.32:614][  0]LogInit: User: Danny
[2018.09.16-02.49.32:614][  0]LogInit: CPU Page size=4096, Cores=6
[2018.09.16-02.49.32:614][  0]LogInit: High frequency timer resolution =3.222675 MHz
[2018.09.16-02.49.32:614][  0]LogMemory: Memory total: Physical=31.9GB (32GB approx)
[2018.09.16-02.49.32:614][  0]LogMemory: Platform Memory Stats for Windows
[2018.09.16-02.49.32:614][  0]LogMemory: Process Physical Memory: 103.05 MB used, 103.05 MB peak
[2018.09.16-02.49.32:614][  0]LogMemory: Process Virtual Memory: 89.93 MB used, 89.93 MB peak
[2018.09.16-02.49.32:614][  0]LogMemory: Physical Memory: 9656.00 MB used,  23006.60 MB free, 32662.59 MB total
[2018.09.16-02.49.32:614][  0]LogMemory: Virtual Memory: 501.46 MB used,  23006.60 MB free, 8388608.00 MB total
[2018.09.16-02.49.32:643][  0]LogInit: Using OS detected language (en-US).
[2018.09.16-02.49.32:643][  0]LogInit: Using OS detected locale (en-US).
[2018.09.16-02.49.32:643][  0]LogTextLocalizationManager: No specific localization for 'en-US' exists, so the 'en' localization will be used.
[2018.09.16-02.49.33:048][  0]LogStreaming: Display: Took  0.406s to InitEngineTextLocalization.
[2018.09.16-02.49.33:049][  0]LogWindows: Failed to load 'shcore.dll' (GetLastError=126)
[2018.09.16-02.49.33:049][  0]LogWindows: File 'shcore.dll' does not exist
[2018.09.16-02.49.33:049][  0]LogInit: Setting process to DPI aware
[2018.09.16-02.49.33:102][  0]LogSlate: New Slate User Created.  User Index 0, Is Virtual User: 0
[2018.09.16-02.49.33:102][  0]LogSlate: Slate User Registered.  User Index 0, Is Virtual User: 0
[2018.09.16-02.49.33:301][  0]LogD3D11RHI: D3D11 adapters:
[2018.09.16-02.49.33:337][  0]LogD3D11RHI:    0. 'NVIDIA GeForce GTX 980 Ti' (Feature Level 11_0)
[2018.09.16-02.49.33:337][  0]LogD3D11RHI:       6042/0/16075 MB DedicatedVideo/DedicatedSystem/SharedSystem, Outputs:3, VendorId:0x10de
[2018.09.16-02.49.33:337][  0]LogD3D11RHI: Chosen D3D11 Adapter: 0
[2018.09.16-02.49.33:342][  0]LogD3D11RHI: Creating new Direct3DDevice
[2018.09.16-02.49.33:343][  0]LogD3D11RHI:     GPU DeviceId: 0x17c8 (for the marketing name, search the web for "GPU Device Id")
[2018.09.16-02.49.33:343][  0]LogWindows: EnumDisplayDevices:
[2018.09.16-02.49.33:343][  0]LogWindows:    0. 'NVIDIA GeForce GTX 980 Ti' (P:1 D:1)
[2018.09.16-02.49.33:343][  0]LogWindows:    1. 'NVIDIA GeForce GTX 980 Ti' (P:0 D:1)
[2018.09.16-02.49.33:344][  0]LogWindows:    2. 'NVIDIA GeForce GTX 980 Ti' (P:0 D:1)
[2018.09.16-02.49.33:344][  0]LogWindows:    3. 'NVIDIA GeForce GTX 980 Ti' (P:0 D:0)
[2018.09.16-02.49.33:344][  0]LogWindows:    4. 'RDPDD Chained DD' (P:0 D:0)
[2018.09.16-02.49.33:344][  0]LogWindows:    5. 'RDP Encoder Mirror Driver' (P:0 D:0)
[2018.09.16-02.49.33:344][  0]LogWindows:    6. 'RDP Reflector Display Driver' (P:0 D:0)
[2018.09.16-02.49.33:344][  0]LogWindows: DebugString: GetVideoDriverDetailsInvalid PrimaryIsNotTheChoosenAdapter GetVideoDriverDetailsInvalid PrimaryIsNotTheChoosenAdapter GetVideoDriverDetailsInvalid PrimaryIsNotTheChoosenAdapter FoundDriverCount:4 
[2018.09.16-02.49.33:344][  0]LogD3D11RHI:     Adapter Name: NVIDIA GeForce GTX 980 Ti
[2018.09.16-02.49.33:344][  0]LogD3D11RHI:   Driver Version: 390.65 (internal:23.21.13.9065, unified:390.65)
[2018.09.16-02.49.33:344][  0]LogD3D11RHI:      Driver Date: 1-3-2018
[2018.09.16-02.49.33:344][  0]LogRHI: Texture pool is 4229 MB (70% of 6042 MB)
[2018.09.16-02.49.33:363][  0]LogD3D11RHI: Async texture creation enabled
[2018.09.16-02.49.33:379][  0]LogD3D11RHI: GPU Timing Frequency: 1000.000000 (Debug: 2 2)
[2018.09.16-02.49.33:466][  0]LogShaderCompilers: Guid format shader working directory is -25 characters bigger than the processId version (../../../../../../Users/Danny/Documents/GitHub/Samsquantch/Samsquantch/Intermediate/Shaders/WorkingDirectory/11184/).
[2018.09.16-02.49.33:466][  0]LogShaderCompilers: Cleaned the shader compiler working directory 'C:/Users/Danny/AppData/Local/Temp/UnrealShaderWorkingDir/01C3D748489328E1C30935B6BB7DDA1C/'.
[2018.09.16-02.49.33:774][  0]LogTemp: Display: Loaded TP AllDesktopTargetPlatform
[2018.09.16-02.49.33:787][  0]LogTemp: Display: Loaded TP MacClientTargetPlatform
[2018.09.16-02.49.33:801][  0]LogTemp: Display: Loaded TP MacNoEditorTargetPlatform
[2018.09.16-02.49.33:817][  0]LogTemp: Display: Loaded TP MacServerTargetPlatform
[2018.09.16-02.49.33:830][  0]LogTemp: Display: Loaded TP MacTargetPlatform
[2018.09.16-02.49.33:844][  0]LogTemp: Display: Loaded TP WindowsClientTargetPlatform
[2018.09.16-02.49.33:857][  0]LogTemp: Display: Loaded TP WindowsNoEditorTargetPlatform
[2018.09.16-02.49.33:869][  0]LogTemp: Display: Loaded TP WindowsServerTargetPlatform
[2018.09.16-02.49.33:875][  0]LogTemp: Display: Loaded TP WindowsTargetPlatform
[2018.09.16-02.49.33:953][  0]LogTemp: Display: Loaded TP AndroidTargetPlatform
[2018.09.16-02.49.33:953][  0]LogTemp: Display: Loaded TP AndroidTargetPlatform
[2018.09.16-02.49.33:953][  0]LogTemp: Display: Loaded TP AndroidTargetPlatform
[2018.09.16-02.49.33:953][  0]LogTemp: Display: Loaded TP AndroidTargetPlatform
[2018.09.16-02.49.33:953][  0]LogTemp: Display: Loaded TP AndroidTargetPlatform
[2018.09.16-02.49.33:953][  0]LogTemp: Display: Loaded TP AndroidTargetPlatform
[2018.09.16-02.49.33:953][  0]LogTemp: Display: Loaded TP AndroidTargetPlatform
[2018.09.16-02.49.33:953][  0]LogTemp: Display: Loaded TP AndroidTargetPlatform
[2018.09.16-02.49.33:953][  0]LogTemp: Display: Loaded TP AndroidTargetPlatform
[2018.09.16-02.49.33:953][  0]LogTemp: Display: Loaded TP AndroidTargetPlatform
[2018.09.16-02.49.33:953][  0]LogTemp: Display: Loaded TP AndroidTargetPlatform
[2018.09.16-02.49.33:953][  0]LogTemp: Display: Loaded TP AndroidTargetPlatform
[2018.09.16-02.49.33:953][  0]LogTemp: Display: Loaded TP AndroidTargetPlatform
[2018.09.16-02.49.33:953][  0]LogTemp: Display: Loaded TP AndroidTargetPlatform
[2018.09.16-02.49.33:953][  0]LogTemp: Display: Loaded TP AndroidTargetPlatform
[2018.09.16-02.49.33:953][  0]LogTemp: Display: Loaded TP AndroidTargetPlatform
[2018.09.16-02.49.33:953][  0]LogTemp: Display: Loaded TP AndroidTargetPlatform
[2018.09.16-02.49.33:953][  0]LogTemp: Display: Loaded TP AndroidTargetPlatform
[2018.09.16-02.49.33:954][  0]LogTemp: Display: Loaded TP HTML5TargetPlatform
[2018.09.16-02.49.34:014][  0]LogTemp: Display: Loaded TP IOSTargetPlatform
[2018.09.16-02.49.34:014][  0]LogTemp: Display: Loaded TP IOSTargetPlatform
[2018.09.16-02.49.34:038][  0]LogTemp: Display: Loaded TP TVOSTargetPlatform
[2018.09.16-02.49.34:038][  0]LogTemp: Display: Loaded TP TVOSTargetPlatform
[2018.09.16-02.49.34:049][  0]LogTemp: Display: Loaded TP LinuxClientTargetPlatform
[2018.09.16-02.49.34:062][  0]LogTemp: Display: Loaded TP LinuxNoEditorTargetPlatform
[2018.09.16-02.49.34:073][  0]LogTemp: Display: Loaded TP LinuxServerTargetPlatform
[2018.09.16-02.49.34:089][  0]LogTemp: Display: Loaded TP LinuxTargetPlatform
[2018.09.16-02.49.34:098][  0]LogTemp: Display: Loaded TP LuminTargetPlatform
[2018.09.16-02.49.34:098][  0]LogTargetPlatformManager: Display: Building Assets For Windows
[2018.09.16-02.49.34:148][  0]LogXGEController: Cleaning working directory: C:/Users/Danny/AppData/Local/Temp/UnrealXGEWorkingDir/
[2018.09.16-02.49.34:149][  0]LogXGEController: Cannot use XGE Controller as Incredibuild is not installed on this machine.
[2018.09.16-02.49.34:149][  0]LogShaderCompilers: Cannot use XGE Shader Compiler as Incredibuild is not installed on this machine.
[2018.09.16-02.49.34:149][  0]LogShaderCompilers: Display: Using Local Shader Compiler.
[2018.09.16-02.49.34:950][  0]LogDerivedDataCache: Display: Max Cache Size: 512 MB
[2018.09.16-02.49.35:028][  0]LogDerivedDataCache: Loaded boot cache 0.08s 71MB C:/Users/Danny/AppData/Local/UnrealEngine/4.20/DerivedDataCache/Boot.ddc.
[2018.09.16-02.49.35:028][  0]LogDerivedDataCache: Display: Loaded Boot cache: C:/Users/Danny/AppData/Local/UnrealEngine/4.20/DerivedDataCache/Boot.ddc
[2018.09.16-02.49.35:028][  0]LogDerivedDataCache: FDerivedDataBackendGraph:  Pak pak cache file ../../../../../../Users/Danny/Documents/GitHub/Samsquantch/Samsquantch/DerivedDataCache/DDC.ddp not found, will not use a pak cache.
[2018.09.16-02.49.35:028][  0]LogDerivedDataCache: Unable to find inner node Pak for hierarchical cache Hierarchy.
[2018.09.16-02.49.35:028][  0]LogDerivedDataCache: FDerivedDataBackendGraph:  CompressedPak pak cache file ../../../../../../Users/Danny/Documents/GitHub/Samsquantch/Samsquantch/DerivedDataCache/Compressed.ddp not found, will not use a pak cache.
[2018.09.16-02.49.35:028][  0]LogDerivedDataCache: Unable to find inner node CompressedPak for hierarchical cache Hierarchy.
[2018.09.16-02.49.35:042][  0]LogDerivedDataCache: Display: Pak cache opened for reading ../../../Engine/DerivedDataCache/Compressed.ddp.
[2018.09.16-02.49.35:054][  0]LogDerivedDataCache: Using Local data cache path C:/Users/Danny/AppData/Local/UnrealEngine/Common/DerivedDataCache: Writable
[2018.09.16-02.49.35:054][  0]LogDerivedDataCache: Shared data cache path not found in *engine.ini, will not use an Shared cache.
[2018.09.16-02.49.35:054][  0]LogDerivedDataCache: Unable to find inner node Shared for hierarchical cache Hierarchy.
[2018.09.16-02.49.35:073][  0]LogMaterial: Verifying Global Shaders for PCD3D_SM5
[2018.09.16-02.49.35:075][  0]LogSlate: Using FreeType 2.6.0
[2018.09.16-02.49.35:075][  0]LogSlate: SlateFontServices - WITH_FREETYPE: 1, WITH_HARFBUZZ: 1
[2018.09.16-02.49.35:143][  0]LogAssetRegistry: FAssetRegistry took 0.0235 seconds to start up
[2018.09.16-02.49.35:490][  0]LogInit: Selected Device Profile: [Windows]
[2018.09.16-02.49.35:535][  0]LogSimplygon: Simplygon DLL not present - disabling.
[2018.09.16-02.49.35:537][  0]LogMeshReduction: Using SimplygonSwarm for distributed automatic mesh merging
[2018.09.16-02.49.35:537][  0]LogMeshReduction: Using ProxyLODMeshReduction for automatic mesh merging
[2018.09.16-02.49.35:537][  0]LogMeshReduction: Using QuadricMeshReduction for automatic static mesh reduction
[2018.09.16-02.49.35:537][  0]LogMeshReduction: No automatic skeletal mesh reduction module available
[2018.09.16-02.49.35:657][  0]LogNetVersion: MyProject 1.0.0, NetCL: 4212847, EngineNetVer: 5, GameNetVer: 0 (Checksum: 1110078900)
[2018.09.16-02.49.36:128][  0]LogPackageLocalizationCache: Processed 9 localized package path(s) for 2 prioritized culture(s) in 0.078957 seconds
[2018.09.16-02.49.36:137][  0]LogUObjectArray: 37967 objects as part of root set at end of initial load.
[2018.09.16-02.49.36:137][  0]LogUObjectAllocator: 6605920 out of 0 bytes used by permanent object pool.
[2018.09.16-02.49.36:137][  0]LogUObjectArray: CloseDisregardForGC: 0/0 objects in disregard for GC pool
[2018.09.16-02.49.36:972][  0]LogTcpMessaging: Initializing TcpMessaging bridge
[2018.09.16-02.49.36:998][  0]LogUdpMessaging: Initializing bridge on interface 0.0.0.0:0 to multicast group 230.0.0.1:6666.
[2018.09.16-02.49.37:108][  0]SourceControl: Source control is disabled
[2018.09.16-02.49.37:108][  0]SourceControl: Source control is disabled
[2018.09.16-02.49.37:109][  0]SourceControl: Source control is disabled
[2018.09.16-02.49.37:109][  0]SourceControl: Source control is disabled
[2018.09.16-02.49.37:260][  0]LogAndroidPermission: UAndroidPermissionCallbackProxy::GetInstance
[2018.09.16-02.49.37:433][  0]LogEngine: Initializing Engine...
[2018.09.16-02.49.37:435][  0]LogStats: UGameplayTagsManager::ConstructGameplayTagTree: ImportINI prefixes -  0.000 s
[2018.09.16-02.49.37:435][  0]LogStats: UGameplayTagsManager::ConstructGameplayTagTree: Construct from data asset -  0.000 s
[2018.09.16-02.49.37:435][  0]LogStats: UGameplayTagsManager::ConstructGameplayTagTree: ImportINI -  0.000 s
[2018.09.16-02.49.37:435][  0]LogStats: UGameplayTagsManager::ConstructGameplayTagTree: GameplayTagTreeChangedEvent.Broadcast -  0.000 s
[2018.09.16-02.49.37:670][  0]LogInit: Initializing FReadOnlyCVARCache
[2018.09.16-02.49.37:682][  0]LogAIModule: Creating AISystem for world Untitled
[2018.09.16-02.49.37:718][  0]LogInit: XAudio2 using 'Speakers (Sound Blaster Z)' : 6 channels at 48 kHz using 32 bits per sample (channel mask 0x3f)
[2018.09.16-02.49.37:735][  0]LogInit: FAudioDevice initialized.
[2018.09.16-02.49.37:735][  0]LogNetVersion: Set ProjectVersion to 1.0.0.0. Version Checksum will be recalculated on next use.
[2018.09.16-02.49.37:807][  0]LogDerivedDataCache: Saved boot cache 0.07s 71MB C:/Users/Danny/AppData/Local/UnrealEngine/4.20/DerivedDataCache/Boot.ddc.
[2018.09.16-02.49.37:815][  0]LogInit: Texture streaming: Enabled
[2018.09.16-02.49.37:831][  0]LogEngineSessionManager: EngineSessionManager initialized
[2018.09.16-02.49.37:845][  0]LogInit: Transaction tracking system initialized
[2018.09.16-02.49.37:865][  0]BlueprintLog: New page: Editor Load
[2018.09.16-02.49.37:936][  0]LocalizationService: Localization service is disabled
[2018.09.16-02.49.38:211][  0]LogAutoReimportManager: Warning: Unable to watch directory ../../../../../../Users/Danny/Documents/GitHub/Samsquantch/Samsquantch/Content/ as it doesn't exist.
[2018.09.16-02.49.38:211][  0]LogCook: Display: Max memory allowance for cook 16384mb min free memory 0mb
[2018.09.16-02.49.38:211][  0]LogCook: Display: Mobile HDR setting 1
[2018.09.16-02.49.38:211][  0]LogGameplayTags: Display: UGameplayTagsManager::DoneAddingNativeTags. DelegateIsBound: 0
[2018.09.16-02.49.38:211][  0]LogStats: UGameplayTagsManager::ConstructGameplayTagTree: ImportINI prefixes -  0.000 s
[2018.09.16-02.49.38:211][  0]LogStats: UGameplayTagsManager::ConstructGameplayTagTree: Construct from data asset -  0.000 s
[2018.09.16-02.49.38:211][  0]LogStats: UGameplayTagsManager::ConstructGameplayTagTree: ImportINI -  0.000 s
[2018.09.16-02.49.38:211][  0]LogStats: UGameplayTagsManager::ConstructGameplayTagTree: GameplayTagTreeChangedEvent.Broadcast -  0.000 s
[2018.09.16-02.49.38:320][  0]SourceControl: Source control is disabled
[2018.09.16-02.49.38:320][  0]Cmd: MAP LOAD FILE="../../../Engine/Content/Maps/Templates/Template_Default.umap" TEMPLATE=1 SHOWPROGRESS=1 FEATURELEVEL=3
[2018.09.16-02.49.38:321][  0]LightingResults: New page: Lighting Build
[2018.09.16-02.49.38:323][  0]MapCheck: New page: Map Check
[2018.09.16-02.49.38:323][  0]LightingResults: New page: Lighting Build
[2018.09.16-02.49.38:537][  0]LogAIModule: Creating AISystem for world Untitled_1
[2018.09.16-02.49.38:542][  0]LogEditorServer: Finished looking for orphan Actors (0.000 secs)
[2018.09.16-02.49.38:566][  0]Cmd: MAP CHECKDEP NOCLEARLOG
[2018.09.16-02.49.38:612][  0]MapCheck: Map check complete: 0 Error(s), 0 Warning(s), took 45.118ms to complete.
[2018.09.16-02.49.38:612][  0]LogFileHelpers: Loading map 'Template_Default' took 0.291
[2018.09.16-02.49.38:756][  0]LogSlate: Updating window title bar state: overlay mode, drag disabled, window buttons hidden, title bar hidden
[2018.09.16-02.49.38:763][  0]LogSlate: Updating window title bar state: overlay mode, drag disabled, window buttons hidden, title bar hidden
[2018.09.16-02.49.38:770][  0]LogSlate: Updating window title bar state: overlay mode, drag disabled, window buttons hidden, title bar hidden
[2018.09.16-02.49.38:776][  0]LogSlate: Updating window title bar state: overlay mode, drag disabled, window buttons hidden, title bar hidden
[2018.09.16-02.49.38:780][  0]LogCollectionManager: Loaded 0 collections in 0.000880 seconds
[2018.09.16-02.49.38:846][  0]LogFileCache: Scanning file cache for directory 'C:/Users/Danny/Documents/GitHub/Samsquantch/Samsquantch/Saved/Collections/' took 0.01s
[2018.09.16-02.49.38:846][  0]LogFileCache: Scanning file cache for directory 'C:/Users/Danny/Documents/GitHub/Samsquantch/Samsquantch/Content/Developers/Danny/Collections/' took 0.01s
[2018.09.16-02.49.38:846][  0]LogFileCache: Scanning file cache for directory 'C:/Users/Danny/Documents/GitHub/Samsquantch/Samsquantch/Content/Collections/' took 0.01s
[2018.09.16-02.49.38:846][  0]LogCollectionManager: Rebuilt the GUID cache for 0 collections in 0.000001 seconds
[2018.09.16-02.49.38:857][  0]LogContentBrowser: Native class hierarchy populated in 0.0107 seconds. Added 2565 classes and 594 folders.
[2018.09.16-02.49.38:863][  0]LogContentBrowser: Native class hierarchy updated for 'WidgetCarousel' in 0.0003 seconds. Added 0 classes and 0 folders.
[2018.09.16-02.49.38:901][  0]LogContentBrowser: Native class hierarchy updated for 'AddContentDialog' in 0.0003 seconds. Added 0 classes and 0 folders.
[2018.09.16-02.49.38:907][  0]LogContentBrowser: Native class hierarchy updated for 'SceneOutliner' in 0.0004 seconds. Added 1 classes and 2 folders.
[2018.09.16-02.49.38:964][  0]LogSlate: Took 0.000139 seconds to synchronously load lazily loaded font '../../../Engine/Content/Slate/Fonts/Roboto-Regular.ttf' (155K)
[2018.09.16-02.49.38:966][  0]LogSlate: Took 0.000192 seconds to synchronously load lazily loaded font '../../../Engine/Content/Slate/Fonts/Roboto-Bold.ttf' (160K)
[2018.09.16-02.49.38:971][  0]LogSlate: Took 0.000191 seconds to synchronously load lazily loaded font '../../../Engine/Content/Editor/Slate/Fonts/FontAwesome.ttf' (139K)
[2018.09.16-02.49.39:046][  0]LogRenderer: Reallocating scene render targets to support 1616x808 Format 10 NumSamples 1 (Frame:1).
[2018.09.16-02.49.39:195][  0]LogContentBrowser: Native class hierarchy updated for 'HierarchicalLODOutliner' in 0.0004 seconds. Added 0 classes and 0 folders.
[2018.09.16-02.49.39:195][  0]LogLoad: (Engine Initialization) Total time: 8.32 seconds
[2018.09.16-02.49.39:195][  0]LogLoad: (Engine Initialization) Total Blueprint compile time: 0.00 seconds
[2018.09.16-02.49.39:226][  0]LogContentStreaming: Texture pool size now 1000 MB
[2018.09.16-02.49.39:245][  1]LogAssetRegistry: Asset discovery search completed in 4.1224 seconds
[2018.09.16-02.49.39:248][  1]LogCollectionManager: Rebuilt the object cache for 0 collections in 0.000001 seconds (found 0 objects)
[2018.09.16-02.49.39:248][  1]LogCollectionManager: Fixed up redirectors for 0 collections in 0.000280 seconds (updated 0 objects)
[2018.09.16-02.49.47:149][933]LogSlate: FSceneViewport::OnFocusLost() reason 2
[2018.09.16-02.49.47:995][ 31]LogSlate: FSceneViewport::OnFocusLost() reason 2
[2018.09.16-02.49.55:964][946]LogSlate: Window 'Source Control Login' being destroyed
[2018.09.16-02.50.04:748][972]LogSlate: FSceneViewport::OnFocusLost() reason 2
[2018.09.16-02.50.06:172][140]SourceControl: fatal: C:/Program Files/Epic Games/UE_4.20/Engine/Content: 'C:/Program Files/Epic Games/UE_4.20/Engine/Content' is outside repository
[2018.09.16-02.50.06:248][140]EditorErrors: Warning: No assets to check in!
[2018.09.16-02.50.14:602][ 58]LogSlate: FSceneViewport::OnFocusLost() reason 0
[2018.09.16-02.50.22:021][936]LogSlate: Window 'Message Log' being destroyed
[2018.09.16-02.50.22:022][936]LogSlate: Window 'Message Log' being destroyed
[2018.09.16-02.50.23:467][106]LogSlate: FSceneViewport::OnFocusLost() reason 2
[2018.09.16-02.50.31:046][  8]SourceControl: fatal: C:/Program Files/Epic Games/UE_4.20/Engine/Content: 'C:/Program Files/Epic Games/UE_4.20/Engine/Content' is outside repository
[2018.09.16-02.50.31:112][  8]EditorErrors: Warning: No assets to check in!
[2018.09.16-02.50.39:157][931]LogSlate: FSceneViewport::OnFocusLost() reason 2
[2018.09.16-02.50.41:304][176]LogSlate: Window 'MyProject - Unreal Editor' being destroyed
[2018.09.16-02.50.41:473][177]Cmd: QUIT_EDITOR
[2018.09.16-02.50.41:498][177]LogExit: Preparing to exit.
[2018.09.16-02.50.42:026][177]LogExit: Editor shut down
[2018.09.16-02.50.42:026][177]LogExit: Transaction tracking system shut down
[2018.09.16-02.50.42:583][177]LogExit: Object subsystem successfully closed.
[2018.09.16-02.50.42:597][177]LogShaderCompilers: Display: Shaders left to compile 0
[2018.09.16-02.50.42:600][177]LogD3D11RHI: Shutdown
[2018.09.16-02.50.42:600][177]LogD3D11RHI: CleanupD3DDevice
[2018.09.16-02.50.42:601][177]LogD3D11RHI: ~FD3D11DynamicRHI
[2018.09.16-02.50.42:617][177]LogModuleManager: Shutting down and abandoning module HierarchicalLODOutliner (602)
[2018.09.16-02.50.42:617][177]LogModuleManager: Shutting down and abandoning module SceneOutliner (600)
[2018.09.16-02.50.42:617][177]LogModuleManager: Shutting down and abandoning module AddContentDialog (598)
[2018.09.16-02.50.42:618][177]LogModuleManager: Shutting down and abandoning module WidgetCarousel (597)
[2018.09.16-02.50.42:618][177]LogModuleManager: Shutting down and abandoning module EditorWidgets (594)
[2018.09.16-02.50.42:618][177]LogModuleManager: Shutting down and abandoning module CollectionManager (592)
[2018.09.16-02.50.42:618][177]LogModuleManager: Shutting down and abandoning module HierarchicalLODUtilities (590)
[2018.09.16-02.50.42:618][177]LogModuleManager: Shutting down and abandoning module StatsViewer (588)
[2018.09.16-02.50.42:618][177]LogModuleManager: Shutting down and abandoning module FoliageEdit (586)
[2018.09.16-02.50.42:618][177]LogModuleManager: Shutting down and abandoning module LandscapeEditor (584)
[2018.09.16-02.50.42:618][177]LogModuleManager: Shutting down and abandoning module MeshPaintMode (582)
[2018.09.16-02.50.42:618][177]LogModuleManager: Shutting down and abandoning module SceneDepthPickerMode (580)
[2018.09.16-02.50.42:618][177]LogModuleManager: Shutting down and abandoning module ActorPickerMode (578)
[2018.09.16-02.50.42:618][177]LogModuleManager: Shutting down and abandoning module GeometryMode (576)
[2018.09.16-02.50.42:618][177]LogModuleManager: Shutting down and abandoning module TextureAlignMode (574)
[2018.09.16-02.50.42:618][177]LogModuleManager: Shutting down and abandoning module BspMode (572)
[2018.09.16-02.50.42:618][177]LogModuleManager: Shutting down and abandoning module PIEPreviewDeviceProfileSelector (570)
[2018.09.16-02.50.42:618][177]LogModuleManager: Shutting down and abandoning module SequenceRecorderSections (568)
[2018.09.16-02.50.42:618][177]LogModuleManager: Shutting down and abandoning module AutomationWorker (566)
[2018.09.16-02.50.42:618][177]LogModuleManager: Shutting down and abandoning module AudioCaptureEditor (564)
[2018.09.16-02.50.42:618][177]LogModuleManager: Shutting down and abandoning module SequenceRecorder (563)
[2018.09.16-02.50.42:618][177]LogModuleManager: Shutting down and abandoning module MatineeToLevelSequence (560)
[2018.09.16-02.50.42:618][177]LogModuleManager: Shutting down and abandoning module LevelSequenceEditor (558)
[2018.09.16-02.50.42:618][177]LogModuleManager: Shutting down and abandoning module PlacementMode (557)
[2018.09.16-02.50.42:618][177]LogModuleManager: Shutting down and abandoning module MaterialEditor (556)
[2018.09.16-02.50.42:619][177]LogModuleManager: Shutting down and abandoning module WmfMediaFactory (552)
[2018.09.16-02.50.42:619][177]LogModuleManager: Shutting down and abandoning module WmfMediaEditor (550)
[2018.09.16-02.50.42:619][177]LogModuleManager: Shutting down and abandoning module MediaPlayerEditor (548)
[2018.09.16-02.50.42:619][177]LogModuleManager: Shutting down and abandoning module OpenExrWrapper (546)
[2018.09.16-02.50.42:619][177]LogModuleManager: Shutting down and abandoning module ImgMediaFactory (544)
[2018.09.16-02.50.42:619][177]LogModuleManager: Shutting down and abandoning module ImgMediaEditor (542)
[2018.09.16-02.50.42:619][177]LogModuleManager: Shutting down and abandoning module AvfMediaFactory (540)
[2018.09.16-02.50.42:619][177]LogModuleManager: Shutting down and abandoning module AvfMediaEditor (538)
[2018.09.16-02.50.42:619][177]LogModuleManager: Shutting down and abandoning module AndroidMediaFactory (536)
[2018.09.16-02.50.42:619][177]LogModuleManager: Shutting down and abandoning module AndroidMediaEditor (534)
[2018.09.16-02.50.42:619][177]LogModuleManager: Shutting down and abandoning module MagicLeapCameraPreviewFactory (532)
[2018.09.16-02.50.42:619][177]LogModuleManager: Shutting down and abandoning module MagicLeapMediaFactory (530)
[2018.09.16-02.50.42:619][177]LogModuleManager: Shutting down and abandoning module MagicLeapMediaEditor (528)
[2018.09.16-02.50.42:619][177]LogModuleManager: Shutting down and abandoning module CharacterAI (526)
[2018.09.16-02.50.42:619][177]LogModuleManager: Shutting down and abandoning module SmartSnapping (524)
[2018.09.16-02.50.42:619][177]LogModuleManager: Shutting down and abandoning module SessionServices (522)
[2018.09.16-02.50.42:619][177]LogModuleManager: Shutting down and abandoning module ViewportSnapping (520)
[2018.09.16-02.50.42:619][177]LogModuleManager: Shutting down and abandoning module ViewportInteraction (518)
[2018.09.16-02.50.42:619][177]LogModuleManager: Shutting down and abandoning module ClothPainter (516)
[2018.09.16-02.50.42:619][177]LogModuleManager: Shutting down and abandoning module SkeletalMeshEditor (515)
[2018.09.16-02.50.42:619][177]LogModuleManager: Shutting down and abandoning module LogVisualizer (512)
[2018.09.16-02.50.42:619][177]LogModuleManager: Shutting down and abandoning module IntroTutorials (510)
[2018.09.16-02.50.42:619][177]LogModuleManager: Shutting down and abandoning module GameProjectGeneration (509)
[2018.09.16-02.50.42:619][177]LogModuleManager: Shutting down and abandoning module LuminPlatformEditor (506)
[2018.09.16-02.50.42:619][177]LogModuleManager: Shutting down and abandoning module IOSPlatformEditor (504)
[2018.09.16-02.50.42:619][177]LogModuleManager: Shutting down and abandoning module HTML5PlatformEditor (502)
[2018.09.16-02.50.42:619][177]LogModuleManager: Shutting down and abandoning module AndroidPlatformEditor (500)
[2018.09.16-02.50.42:619][177]LogModuleManager: Shutting down and abandoning module AndroidDeviceDetection (499)
[2018.09.16-02.50.42:988][177]LogModuleManager: Shutting down and abandoning module WindowsPlatformEditor (496)
[2018.09.16-02.50.42:988][177]LogModuleManager: Shutting down and abandoning module LuminRuntimeSettings (494)
[2018.09.16-02.50.42:988][177]LogModuleManager: Shutting down and abandoning module IOSRuntimeSettings (492)
[2018.09.16-02.50.42:988][177]LogModuleManager: Shutting down and abandoning module AndroidRuntimeSettings (490)
[2018.09.16-02.50.42:988][177]LogModuleManager: Shutting down and abandoning module InputBindingEditor (488)
[2018.09.16-02.50.42:988][177]LogModuleManager: Shutting down and abandoning module MergeActors (486)
[2018.09.16-02.50.42:988][177]LogModuleManager: Shutting down and abandoning module LocalizationDashboard (484)
[2018.09.16-02.50.42:988][177]LogModuleManager: Shutting down and abandoning module LocalizationService (483)
[2018.09.16-02.50.42:988][177]LogModuleManager: Shutting down and abandoning module HardwareTargeting (480)
[2018.09.16-02.50.42:988][177]LogModuleManager: Shutting down and abandoning module DeviceProfileEditor (478)
[2018.09.16-02.50.42:988][177]LogModuleManager: Shutting down and abandoning module UndoHistory (476)
[2018.09.16-02.50.42:988][177]LogModuleManager: Shutting down and abandoning module XmlParser (474)
[2018.09.16-02.50.42:988][177]LogModuleManager: Shutting down and abandoning module Blutility (472)
[2018.09.16-02.50.42:988][177]LogModuleManager: Shutting down and abandoning module ProjectSettingsViewer (470)
[2018.09.16-02.50.42:988][177]LogModuleManager: Shutting down and abandoning module ProjectTargetPlatformEditor (469)
[2018.09.16-02.50.42:988][177]LogModuleManager: Shutting down and abandoning module EditorSettingsViewer (466)
[2018.09.16-02.50.42:989][177]LogModuleManager: Shutting down and abandoning module SettingsEditor (464)
[2018.09.16-02.50.42:989][177]LogModuleManager: Shutting down and abandoning module ProjectLauncher (462)
[2018.09.16-02.50.42:989][177]LogModuleManager: Shutting down and abandoning module SessionFrontend (460)
[2018.09.16-02.50.42:989][177]LogModuleManager: Shutting down and abandoning module ProfilerClient (458)
[2018.09.16-02.50.42:989][177]LogModuleManager: Shutting down and abandoning module DeviceManager (456)
[2018.09.16-02.50.42:989][177]LogModuleManager: Shutting down and abandoning module TargetDeviceServices (455)
[2018.09.16-02.50.43:039][177]LogModuleManager: Shutting down and abandoning module AutomationController (452)
[2018.09.16-02.50.43:039][177]LogModuleManager: Shutting down and abandoning module AutomationWindow (450)
[2018.09.16-02.50.43:039][177]LogModuleManager: Shutting down and abandoning module Layers (448)
[2018.09.16-02.50.43:039][177]LogModuleManager: Shutting down and abandoning module ComponentVisualizers (446)
[2018.09.16-02.50.43:039][177]LogModuleManager: Shutting down and abandoning module DetailCustomizations (444)
[2018.09.16-02.50.43:039][177]LogModuleManager: Shutting down and abandoning module PackagesDialog (442)
[2018.09.16-02.50.43:039][177]LogModuleManager: Shutting down and abandoning module Persona (440)
[2018.09.16-02.50.43:039][177]LogModuleManager: Shutting down and abandoning module AdvancedPreviewScene (439)
[2018.09.16-02.50.43:039][177]LogModuleManager: Shutting down and abandoning module AnimGraph (437)
[2018.09.16-02.50.43:039][177]LogModuleManager: Shutting down and abandoning module Kismet (434)
[2018.09.16-02.50.43:040][177]LogModuleManager: Shutting down and abandoning module GraphEditor (432)
[2018.09.16-02.50.43:040][177]LogModuleManager: Shutting down and abandoning module ClassViewer (430)
[2018.09.16-02.50.43:040][177]LogModuleManager: Shutting down and abandoning module Toolbox (428)
[2018.09.16-02.50.43:040][177]LogModuleManager: Shutting down and abandoning module ModuleUI (426)
[2018.09.16-02.50.43:040][177]LogModuleManager: Shutting down and abandoning module MovieSceneTools (424)
[2018.09.16-02.50.43:040][177]LogModuleManager: Shutting down and abandoning module OutputLog (422)
[2018.09.16-02.50.43:040][177]LogModuleManager: Shutting down and abandoning module GammaUI (420)
[2018.09.16-02.50.43:040][177]LogModuleManager: Shutting down and abandoning module Documentation (418)
[2018.09.16-02.50.43:040][177]LogModuleManager: Shutting down and abandoning module MovieSceneTracks (416)
[2018.09.16-02.50.43:040][177]LogModuleManager: Shutting down and abandoning module MovieScene (414)
[2018.09.16-02.50.43:040][177]LogModuleManager: Shutting down and abandoning module StreamingPauseRendering (412)
[2018.09.16-02.50.43:040][177]LogModuleManager: Shutting down and abandoning module LauncherPlatform (410)
[2018.09.16-02.50.43:040][177]LogModuleManager: Shutting down and abandoning module AnalyticsET (408)
[2018.09.16-02.50.43:040][177]LogModuleManager: Shutting down and abandoning module PortalServices (406)
[2018.09.16-02.50.43:040][177]LogModuleManager: Shutting down and abandoning module PortalRpc (404)
[2018.09.16-02.50.43:040][177]LogModuleManager: Shutting down and abandoning module MessagingRpc (402)
[2018.09.16-02.50.43:040][177]LogModuleManager: Shutting down and abandoning module AIModule (400)
[2018.09.16-02.50.43:040][177]LogModuleManager: Shutting down and abandoning module GameplayDebugger (399)
[2018.09.16-02.50.43:040][177]LogModuleManager: Shutting down and abandoning module AITestSuite (397)
[2018.09.16-02.50.43:040][177]LogModuleManager: Shutting down and abandoning module NavigationSystem (395)
[2018.09.16-02.50.43:040][177]LogModuleManager: Shutting down and abandoning module DesktopPlatform (392)
[2018.09.16-02.50.43:040][177]LogModuleManager: Shutting down and abandoning module ProfilerService (390)
[2018.09.16-02.50.43:136][177]LogModuleManager: Shutting down and abandoning module TaskGraph (388)
[2018.09.16-02.50.43:136][177]LogModuleManager: Shutting down and abandoning module ProceduralMeshComponentEditor (386)
[2018.09.16-02.50.43:136][177]LogModuleManager: Shutting down and abandoning module ProceduralMeshComponent (384)
[2018.09.16-02.50.43:136][177]LogModuleManager: Shutting down and abandoning module MobilePatchingUtils (382)
[2018.09.16-02.50.43:136][177]LogModuleManager: Shutting down and abandoning module EditableMesh (380)
[2018.09.16-02.50.43:136][177]LogModuleManager: Shutting down and abandoning module CustomMeshComponent (378)
[2018.09.16-02.50.43:136][177]LogModuleManager: Shutting down and abandoning module CableComponent (376)
[2018.09.16-02.50.43:136][177]LogModuleManager: Shutting down and abandoning module AudioCapture (374)
[2018.09.16-02.50.43:136][177]LogModuleManager: Shutting down and abandoning module ArchVisCharacter (372)
[2018.09.16-02.50.43:136][177]LogModuleManager: Shutting down and abandoning module AndroidPermission (370)
[2018.09.16-02.50.43:136][177]LogModuleManager: Shutting down and abandoning module NUTUnrealEngine4 (368)
[2018.09.16-02.50.43:136][177]LogModuleManager: Shutting down and abandoning module NetcodeUnitTest (366)
[2018.09.16-02.50.43:136][177]LogModuleManager: Shutting down and abandoning module MediaCompositingEditor (364)
[2018.09.16-02.50.43:136][177]LogModuleManager: Shutting down and abandoning module MediaCompositing (362)
[2018.09.16-02.50.43:136][177]LogModuleManager: Shutting down and abandoning module LinearTimecode (360)
[2018.09.16-02.50.43:136][177]LogModuleManager: Shutting down and abandoning module ImgMedia (358)
[2018.09.16-02.50.43:138][177]LogModuleManager: Shutting down and abandoning module HTML5Networking (356)
[2018.09.16-02.50.43:138][177]LogModuleManager: Shutting down and abandoning module GeometryCacheTracks (354)
[2018.09.16-02.50.43:138][177]LogModuleManager: Shutting down and abandoning module GeometryCacheSequencer (352)
[2018.09.16-02.50.43:138][177]LogModuleManager: Shutting down and abandoning module BackChannel (350)
[2018.09.16-02.50.43:138][177]LogModuleManager: Shutting down and abandoning module AppleVision (348)
[2018.09.16-02.50.43:138][177]LogModuleManager: Shutting down and abandoning module AppleImageUtils (346)
[2018.09.16-02.50.43:138][177]LogModuleManager: Shutting down and abandoning module AlembicImporter (344)
[2018.09.16-02.50.43:138][177]LogModuleManager: Shutting down and abandoning module AlembicLibrary (343)
[2018.09.16-02.50.43:138][177]LogModuleManager: Shutting down and abandoning module GeometryCache (342)
[2018.09.16-02.50.43:138][177]LogModuleManager: Shutting down and abandoning module GeometryCacheEd (341)
[2018.09.16-02.50.43:138][177]LogModuleManager: Shutting down and abandoning module DatasmithContentEditor (336)
[2018.09.16-02.50.43:138][177]LogModuleManager: Shutting down and abandoning module DatasmithContent (334)
[2018.09.16-02.50.43:138][177]LogModuleManager: Shutting down and abandoning module SpeedTreeImporter (332)
[2018.09.16-02.50.43:138][177]LogModuleManager: Shutting down and abandoning module PluginBrowser (330)
[2018.09.16-02.50.43:138][177]LogModuleManager: Shutting down and abandoning module MobileLauncherProfileWizard (328)
[2018.09.16-02.50.43:138][177]LogModuleManager: Shutting down and abandoning module PolygonModeling (326)
[2018.09.16-02.50.43:139][177]LogModuleManager: Shutting down and abandoning module MeshEditor (324)
[2018.09.16-02.50.43:139][177]LogModuleManager: Shutting down and abandoning module CryptoKeysOpenSSL (322)
[2018.09.16-02.50.43:139][177]LogModuleManager: Shutting down and abandoning module CryptoKeys (320)
[2018.09.16-02.50.43:139][177]LogModuleManager: Shutting down and abandoning module VisualStudioSourceCodeAccess (318)
[2018.09.16-02.50.43:139][177]LogModuleManager: Shutting down and abandoning module VisualStudioCodeSourceCodeAccess (316)
[2018.09.16-02.50.43:139][177]LogModuleManager: Shutting down and abandoning module UObjectPlugin (314)
[2018.09.16-02.50.43:139][177]LogModuleManager: Shutting down and abandoning module SubversionSourceControl (312)
[2018.09.16-02.50.43:139][177]LogModuleManager: Shutting down and abandoning module PerforceSourceControl (310)
[2018.09.16-02.50.43:139][177]LogModuleManager: Shutting down and abandoning module GitSourceControl (308)
[2018.09.16-02.50.43:139][177]LogModuleManager: Shutting down and abandoning module SourceControl (307)
[2018.09.16-02.50.43:139][177]LogModuleManager: Shutting down and abandoning module CLionSourceCodeAccess (304)
[2018.09.16-02.50.43:139][177]LogModuleManager: Shutting down and abandoning module LightPropagationVolumeEditor (302)
[2018.09.16-02.50.43:139][177]LogModuleManager: Shutting down and abandoning module PaperTiledImporter (300)
[2018.09.16-02.50.43:139][177]LogModuleManager: Shutting down and abandoning module PaperSpriteSheetImporter (298)
[2018.09.16-02.50.43:139][177]LogModuleManager: Shutting down and abandoning module Paper2DEditor (296)
[2018.09.16-02.50.43:139][177]LogModuleManager: Shutting down and abandoning module MeshPaint (295)
[2018.09.16-02.50.43:139][177]LogModuleManager: Shutting down and abandoning module RuntimePhysXCooking (292)
[2018.09.16-02.50.43:139][177]LogModuleManager: Shutting down and abandoning module PhysXVehiclesEditor (290)
[2018.09.16-02.50.43:139][177]LogModuleManager: Shutting down and abandoning module PhysXVehicles (288)
[2018.09.16-02.50.43:139][177]LogModuleManager: Shutting down and abandoning module LocationServicesBPLibrary (286)
[2018.09.16-02.50.43:139][177]LogModuleManager: Shutting down and abandoning module ImmediatePhysicsEditor (284)
[2018.09.16-02.50.43:139][177]LogModuleManager: Shutting down and abandoning module ImmediatePhysics (282)
[2018.09.16-02.50.43:139][177]LogModuleManager: Shutting down and abandoning module ActorSequence (280)
[2018.09.16-02.50.43:139][177]LogModuleManager: Shutting down and abandoning module UdpMessaging (278)
[2018.09.16-02.50.43:239][177]LogModuleManager: Shutting down and abandoning module TcpMessaging (276)
[2018.09.16-02.50.43:339][177]LogModuleManager: Shutting down and abandoning module MagicLeapAudio (274)
[2018.09.16-02.50.43:339][177]LogModuleManager: Shutting down and abandoning module GameplayTagsEditor (272)
[2018.09.16-02.50.43:339][177]LogModuleManager: Shutting down and abandoning module FacialAnimationEditor (270)
[2018.09.16-02.50.43:339][177]LogModuleManager: Shutting down and abandoning module FacialAnimation (268)
[2018.09.16-02.50.43:339][177]LogModuleManager: Shutting down and abandoning module DataValidation (266)
[2018.09.16-02.50.43:339][177]LogModuleManager: Shutting down and abandoning module AssetManagerEditor (264)
[2018.09.16-02.50.43:339][177]LogModuleManager: Shutting down and abandoning module LevelEditor (263)
[2018.09.16-02.50.43:339][177]LogModuleManager: Shutting down and abandoning module PixelInspectorModule (262)
[2018.09.16-02.50.43:339][177]LogModuleManager: Shutting down and abandoning module CommonMenuExtensions (260)
[2018.09.16-02.50.43:340][177]LogModuleManager: Shutting down and abandoning module MainFrame (258)
[2018.09.16-02.50.43:340][177]LogModuleManager: Shutting down and abandoning module HotReload (257)
[2018.09.16-02.50.43:340][177]LogModuleManager: Shutting down and abandoning module ContentBrowser (253)
[2018.09.16-02.50.43:341][177]LogModuleManager: Shutting down and abandoning module TreeMap (251)
[2018.09.16-02.50.43:341][177]LogModuleManager: Shutting down and abandoning module LightPropagationVolumeRuntime (248)
[2018.09.16-02.50.43:341][177]LogModuleManager: Shutting down and abandoning module AISupportModule (246)
[2018.09.16-02.50.43:341][177]LogModuleManager: Shutting down and abandoning module Paper2D (244)
[2018.09.16-02.50.43:341][177]LogModuleManager: Shutting down and abandoning module WindowsMoviePlayer (242)
[2018.09.16-02.50.43:341][177]LogModuleManager: Shutting down and abandoning module WmfMedia (240)
[2018.09.16-02.50.43:342][177]LogModuleManager: Shutting down and abandoning module Media (239)
[2018.09.16-02.50.43:347][177]LogModuleManager: Shutting down and abandoning module PacketHandler (236)
[2018.09.16-02.50.43:347][177]LogModuleManager: Shutting down and abandoning module ClothingSystemEditor (234)
[2018.09.16-02.50.43:347][177]LogModuleManager: Shutting down and abandoning module ClothingSystemRuntime (232)
[2018.09.16-02.50.43:347][177]LogModuleManager: Shutting down and abandoning module MediaAssets (230)
[2018.09.16-02.50.43:347][177]LogModuleManager: Shutting down and abandoning module Overlay (228)
[2018.09.16-02.50.43:347][177]LogModuleManager: Shutting down and abandoning module OverlayEditor (227)
[2018.09.16-02.50.43:347][177]LogModuleManager: Shutting down and abandoning module VREditor (224)
[2018.09.16-02.50.43:347][177]LogModuleManager: Shutting down and abandoning module StringTableEditor (222)
[2018.09.16-02.50.43:347][177]LogModuleManager: Shutting down and abandoning module GameplayTasksEditor (220)
[2018.09.16-02.50.43:347][177]LogModuleManager: Shutting down and abandoning module BehaviorTreeEditor (218)
[2018.09.16-02.50.43:347][177]LogModuleManager: Shutting down and abandoning module FunctionalTesting (216)
[2018.09.16-02.50.43:347][177]LogModuleManager: Shutting down and abandoning module CollisionAnalyzer (214)
[2018.09.16-02.50.43:347][177]LogModuleManager: Shutting down and abandoning module WorkspaceMenuStructure (213)
[2018.09.16-02.50.43:347][177]LogModuleManager: Shutting down and abandoning module UMG (210)
[2018.09.16-02.50.43:347][177]LogModuleManager: Shutting down and abandoning module UMGEditor (209)
[2018.09.16-02.50.43:347][177]LogModuleManager: Shutting down and abandoning module Sequencer (208)
[2018.09.16-02.50.43:348][177]LogModuleManager: Shutting down and abandoning module MessageLog (205)
[2018.09.16-02.50.43:348][177]LogModuleManager: Shutting down and abandoning module SlateReflector (200)
[2018.09.16-02.50.43:348][177]LogModuleManager: Shutting down and abandoning module Slate (198)
[2018.09.16-02.50.43:348][177]LogModuleManager: Shutting down and abandoning module EditorStyle (196)
[2018.09.16-02.50.43:349][177]LogModuleManager: Shutting down and abandoning module MRMesh (194)
[2018.09.16-02.50.43:349][177]LogModuleManager: Shutting down and abandoning module SourceCodeAccess (192)
[2018.09.16-02.50.43:349][177]LogModuleManager: Shutting down and abandoning module HeadMountedDisplay (190)
[2018.09.16-02.50.43:349][177]LogModuleManager: Shutting down and abandoning module XAudio2 (188)
[2018.09.16-02.50.43:349][177]LogModuleManager: Shutting down and abandoning module Networking (186)
[2018.09.16-02.50.43:349][177]LogModuleManager: Shutting down and abandoning module Core (184)
[2018.09.16-02.50.43:349][177]LogModuleManager: Shutting down and abandoning module LevelSequence (182)
[2018.09.16-02.50.43:349][177]LogModuleManager: Shutting down and abandoning module KismetCompiler (180)
[2018.09.16-02.50.43:349][177]LogModuleManager: Shutting down and abandoning module MeshUtilities (178)
[2018.09.16-02.50.43:349][177]LogModuleManager: Shutting down and abandoning module MeshMergeUtilities (177)
[2018.09.16-02.50.43:349][177]LogModuleManager: Shutting down and abandoning module MeshReductionInterface (176)
[2018.09.16-02.50.43:349][177]LogModuleManager: Shutting down and abandoning module SimplygonSwarm (175)
[2018.09.16-02.50.43:349][177]LogModuleManager: Shutting down and abandoning module ProxyLODMeshReduction (173)
[2018.09.16-02.50.43:349][177]LogModuleManager: Shutting down and abandoning module SimplygonMeshReduction (171)
[2018.09.16-02.50.43:349][177]LogModuleManager: Shutting down and abandoning module QuadricMeshReduction (169)
[2018.09.16-02.50.43:349][177]LogModuleManager: Shutting down and abandoning module MaterialBaking (165)
[2018.09.16-02.50.43:349][177]LogModuleManager: Shutting down and abandoning module DirectoryWatcher (161)
[2018.09.16-02.50.43:349][177]LogModuleManager: Shutting down and abandoning module DerivedDataCache (158)
[2018.09.16-02.50.43:555][177]LogDerivedDataCache: Shutdown
[2018.09.16-02.50.43:555][177]LogModuleManager: Shutting down and abandoning module XGEController (156)
[2018.09.16-02.50.43:555][177]LogXGEController: Cleaning working directory: C:/Users/Danny/AppData/Local/Temp/UnrealXGEWorkingDir/
[2018.09.16-02.50.43:555][177]LogModuleManager: Shutting down and abandoning module TargetPlatform (154)
[2018.09.16-02.50.43:555][177]LogModuleManager: Shutting down and abandoning module VulkanShaderFormat (153)
[2018.09.16-02.50.43:555][177]LogModuleManager: Shutting down and abandoning module ShaderFormatVectorVM (151)
[2018.09.16-02.50.43:555][177]LogModuleManager: Shutting down and abandoning module ShaderFormatOpenGL (149)
[2018.09.16-02.50.43:555][177]LogModuleManager: Shutting down and abandoning module ShaderFormatD3D (147)
[2018.09.16-02.50.43:555][177]LogModuleManager: Shutting down and abandoning module MetalShaderFormat (145)
[2018.09.16-02.50.43:555][177]LogModuleManager: Shutting down and abandoning module TextureFormatUncompressed (143)
[2018.09.16-02.50.43:555][177]LogModuleManager: Shutting down and abandoning module TextureFormatPVR (141)
[2018.09.16-02.50.43:555][177]LogModuleManager: Shutting down and abandoning module TextureFormatDXT (139)
[2018.09.16-02.50.43:555][177]LogModuleManager: Shutting down and abandoning module TextureFormatIntelISPCTexComp (137)
[2018.09.16-02.50.43:555][177]LogModuleManager: Shutting down and abandoning module TextureFormatASTC (135)
[2018.09.16-02.50.43:555][177]LogModuleManager: Shutting down and abandoning module ImageWrapper (134)
[2018.09.16-02.50.43:555][177]LogModuleManager: Shutting down and abandoning module TextureFormatAndroid (131)
[2018.09.16-02.50.43:556][177]LogModuleManager: Shutting down and abandoning module AudioFormatOpus (129)
[2018.09.16-02.50.43:556][177]LogModuleManager: Shutting down and abandoning module AudioFormatOgg (127)
[2018.09.16-02.50.43:556][177]LogModuleManager: Shutting down and abandoning module AudioFormatADPCM (125)
[2018.09.16-02.50.43:556][177]LogModuleManager: Shutting down and abandoning module LuminTargetPlatform (123)
[2018.09.16-02.50.43:556][177]LogModuleManager: Shutting down and abandoning module LinuxTargetPlatform (121)
[2018.09.16-02.50.43:556][177]LogModuleManager: Shutting down and abandoning module LinuxServerTargetPlatform (119)
[2018.09.16-02.50.43:556][177]LogModuleManager: Shutting down and abandoning module LinuxNoEditorTargetPlatform (117)
[2018.09.16-02.50.43:556][177]LogModuleManager: Shutting down and abandoning module LinuxClientTargetPlatform (115)
[2018.09.16-02.50.43:556][177]LogModuleManager: Shutting down and abandoning module TVOSTargetPlatform (113)
[2018.09.16-02.50.43:556][177]LogModuleManager: Shutting down and abandoning module Messaging (111)
[2018.09.16-02.50.43:556][177]LogModuleManager: Shutting down and abandoning module IOSTargetPlatform (109)
[2018.09.16-02.50.43:557][177]LogModuleManager: Shutting down and abandoning module HTML5TargetPlatform (107)
[2018.09.16-02.50.43:557][177]LogModuleManager: Shutting down and abandoning module AndroidTargetPlatform (105)
[2018.09.16-02.50.43:563][177]LogModuleManager: Shutting down and abandoning module WindowsTargetPlatform (103)
[2018.09.16-02.50.43:563][177]LogModuleManager: Shutting down and abandoning module WindowsServerTargetPlatform (101)
[2018.09.16-02.50.43:563][177]LogModuleManager: Shutting down and abandoning module WindowsNoEditorTargetPlatform (99)
[2018.09.16-02.50.43:563][177]LogModuleManager: Shutting down and abandoning module WindowsClientTargetPlatform (97)
[2018.09.16-02.50.43:563][177]LogModuleManager: Shutting down and abandoning module MacTargetPlatform (95)
[2018.09.16-02.50.43:563][177]LogModuleManager: Shutting down and abandoning module MacServerTargetPlatform (93)
[2018.09.16-02.50.43:563][177]LogModuleManager: Shutting down and abandoning module MacNoEditorTargetPlatform (91)
[2018.09.16-02.50.43:563][177]LogModuleManager: Shutting down and abandoning module MacClientTargetPlatform (89)
[2018.09.16-02.50.43:563][177]LogModuleManager: Shutting down and abandoning module AllDesktopTargetPlatform (87)
[2018.09.16-02.50.43:563][177]LogModuleManager: Shutting down and abandoning module InputCore (84)
[2018.09.16-02.50.43:563][177]LogModuleManager: Shutting down and abandoning module Settings (82)
[2018.09.16-02.50.43:563][177]LogModuleManager: Shutting down and abandoning module PhysXCooking (80)
[2018.09.16-02.50.43:563][177]LogModuleManager: Shutting down and abandoning module ExampleDeviceProfileSelector (78)
[2018.09.16-02.50.43:563][177]LogModuleManager: Shutting down and abandoning module LauncherChunkInstaller (76)
[2018.09.16-02.50.43:563][177]LogModuleManager: Shutting down and abandoning module OnlineBlueprintSupport (74)
[2018.09.16-02.50.43:563][177]LogModuleManager: Shutting down and abandoning module OnlineSubsystem (70)
[2018.09.16-02.50.43:563][177]LogModuleManager: Shutting down and abandoning module XMPP (65)
[2018.09.16-02.50.43:563][177]LogModuleManager: Shutting down and abandoning module WebSockets (64)
[2018.09.16-02.50.43:570][177]LogModuleManager: Shutting down and abandoning module HTTP (61)
[2018.09.16-02.50.43:570][177]LogHttp: Display: Http module shutting down, but needs to wait on 1 outstanding Http requests:
[2018.09.16-02.50.43:570][177]LogHttp: Display: 	verb=[POST] url=[https://datarouter.ol.epicgames.com/datarouter/api/v1/public/data?SessionID=%7B679CEF17-48FE-96ED-ED49-3399445CE9BB%7D&AppID=UEEditor.Rocket.Release&AppVersion=4.20.2-4302132%2B%2B%2BUE4%2BRelease-4.20&UserID=eb6c542d4db7ccb9b892e5b1f2e8ed71%7C972570a50af0485e9bfcff8450fc276c%7C9a3a7ece-c2c7-416d-b99b-272f0bdcab67&AppEnvironment=datacollector-binary&UploadType=eteventstream] status=Processing
[2018.09.16-02.50.43:587][177]LogModuleManager: Shutting down and abandoning module SSL (60)
[2018.09.16-02.50.43:588][177]LogModuleManager: Shutting down and abandoning module MagicLeapEmulator (56)
[2018.09.16-02.50.43:588][177]LogModuleManager: Shutting down and abandoning module MagicLeapPrivileges (54)
[2018.09.16-02.50.43:588][177]LogModuleManager: Shutting down and abandoning module MagicLeapIdentity (52)
[2018.09.16-02.50.43:588][177]LogModuleManager: Shutting down and abandoning module MagicLeapHelperVulkan (50)
[2018.09.16-02.50.43:588][177]LogModuleManager: Shutting down and abandoning module MagicLeapHelperOpenGL (48)
[2018.09.16-02.50.43:588][177]LogModuleManager: Shutting down and abandoning module MagicLeapSecureStorage (46)
[2018.09.16-02.50.43:588][177]LogModuleManager: Shutting down and abandoning module MagicLeapGestures (44)
[2018.09.16-02.50.43:588][177]LogModuleManager: Shutting down and abandoning module MagicLeapEyeTracker (42)
[2018.09.16-02.50.43:588][177]LogModuleManager: Shutting down and abandoning module MagicLeapController (40)
[2018.09.16-02.50.43:588][177]LogSlate: Slate User Destroyed.  User Index 0, Is Virtual User: 0
[2018.09.16-02.50.43:588][177]LogModuleManager: Shutting down and abandoning module MagicLeap (38)
[2018.09.16-02.50.43:588][177]LogModuleManager: Shutting down and abandoning module AnimationModifiers (36)
[2018.09.16-02.50.43:588][177]LogModuleManager: Shutting down and abandoning module PropertyEditor (35)
[2018.09.16-02.50.43:588][177]LogModuleManager: Shutting down and abandoning module AudioEditor (32)
[2018.09.16-02.50.43:589][177]LogModuleManager: Shutting down and abandoning module TextureCompressor (30)
[2018.09.16-02.50.43:589][177]LogModuleManager: Shutting down and abandoning module ShaderCore (28)
[2018.09.16-02.50.43:589][177]LogModuleManager: Shutting down and abandoning module Landscape (26)
[2018.09.16-02.50.43:589][177]LogModuleManager: Shutting down and abandoning module SlateRHIRenderer (24)
[2018.09.16-02.50.43:589][177]LogModuleManager: Shutting down and abandoning module OpenGLDrv (22)
[2018.09.16-02.50.43:589][177]LogModuleManager: Shutting down and abandoning module D3D11RHI (20)
[2018.09.16-02.50.43:589][177]LogModuleManager: Shutting down and abandoning module AnimGraphRuntime (18)
[2018.09.16-02.50.43:589][177]LogModuleManager: Shutting down and abandoning module Renderer (16)
[2018.09.16-02.50.43:589][177]LogModuleManager: Shutting down and abandoning module Engine (14)
[2018.09.16-02.50.43:589][177]LogModuleManager: Shutting down and abandoning module CoreUObject (12)
[2018.09.16-02.50.43:589][177]LogModuleManager: Shutting down and abandoning module NetworkFile (10)
[2018.09.16-02.50.43:589][177]LogModuleManager: Shutting down and abandoning module CookedIterativeFile (8)
[2018.09.16-02.50.43:589][177]LogModuleManager: Shutting down and abandoning module StreamingFile (6)
[2018.09.16-02.50.43:589][177]LogModuleManager: Shutting down and abandoning module SandboxFile (4)
[2018.09.16-02.50.43:589][177]LogModuleManager: Shutting down and abandoning module PakFile (2)
[2018.09.16-02.50.43:594][177]LogExit: Exiting.
[2018.09.16-02.50.43:625][177]Log file closed, 09/15/18 19:50:43
